<?xml version="1.0" encoding="UTF-8" ?>
<testsuite errors="1" failures="0" hostname="arca-de-noe" name="beans.LivroMBTest" tests="0" time="1.503" timestamp="2013-06-17T13:02:52">
  <properties>
    <property name="libs.jsp-compiler.javadoc" value="" />
    <property name="netbeans.autoupdate.country" value="BR" />
    <property name="nb.wait.for.caches" value="true" />
    <property name="javac.test.classpath" value="/home/ciro/Área de Trabalho/SocialBib/lib/jsf20/jsf-api.jar:/home/ciro/Área de Trabalho/SocialBib/lib/jsf20/jsf-impl.jar:/home/ciro/Área de Trabalho/SocialBib/lib/jstl11/standard.jar:/home/ciro/Área de Trabalho/SocialBib/lib/jstl11/jstl.jar:/home/ciro/Área de Trabalho/SocialBib/lib/eclipselink/eclipselink-2.3.2.jar:/home/ciro/Área de Trabalho/SocialBib/lib/eclipselink/javax.persistence-2.0.3.jar:/home/ciro/Área de Trabalho/SocialBib/lib/eclipselink/org.eclipse.persistence.jpa.jpql_1.0.1.jar:lib/postgresql-9.2-1002.jdbc3.jar:lib/commons-email-1.3.jar:lib/smtp.jar:lib/mailapi.jar:lib\derbyclient.jar:lib\primefaces-3.5.jar:build/web/WEB-INF/classes:/home/ciro/Área de Trabalho/SocialBib/lib/junit_4/junit-4.10.jar:lib/mockito-all-1.9.5.jar" />
    <property name="libs.jsf20.maven-pom" value="" />
    <property name="j2ee.copy.static.files.on.save" value="true" />
    <property name="source.root" value="src" />
    <property name="do.display.browser" value="true" />
    <property name="libs.junit.javadoc" value="/home/ciro/Área de Trabalho/SocialBib/lib/junit/junit-3.8.2-api.zip" />
    <property name="ant.core.lib" value="/usr/local/netbeans-7.2/java/ant/lib/ant.jar" />
    <property name="file.reference.postgresql-9.2-1002.jdbc3.jar" value="lib/postgresql-9.2-1002.jdbc3.jar" />
    <property name="javadoc.windowtitle" value="" />
    <property name="libs.jsp-compilation.javadoc" value="" />
    <property name="user.dir" value="/home/ciro/Área de Trabalho/SocialBib" />
    <property name="libs.hibernate-persistence.javadoc" value="" />
    <property name="java.vm.version" value="20.0-b12" />
    <property name="libs.jstl11.maven-pom" value="" />
    <property name="libs.MySQLDriver.classpath" value="/usr/local/netbeans-7.2/ide/modules/ext/mysql-connector-java-5.1.18-bin.jar" />
    <property name="no.dependencies" value="false" />
    <property name="libs.eclipselinkmodelgen.src" value="" />
    <property name="libs.jstl11.src" value="" />
    <property name="javadoc.notree" value="false" />
    <property name="lib.dir" value="web/WEB-INF/lib" />
    <property name="netbeans.autoupdate.version" value="1.23" />
    <property name="libs.javaee-web-api-6.0.classpath" value="/usr/local/netbeans-7.2/enterprise/modules/ext/javaee-web-api-6.0.jar" />
    <property name="libs.hibernate-support.maven-pom" value="" />
    <property name="libs.hibernate-support.javadoc" value="" />
    <property name="jdk.home" value="/usr/lib/jvm/default-java" />
    <property name="libs.javac-api.src" value="" />
    <property name="javadoc.noindex" value="false" />
    <property name="sun.os.patch.level" value="unknown" />
    <property name="do.tmp.war.package" value="true" />
    <property name="java.vm.specification.name" value="Java Virtual Machine Specification" />
    <property name="nb.show.statistics.ui" value="usageStatisticsEnabled" />
    <property name="netbeans.autoupdate.variant" value="" />
    <property name="have.tests" value="true" />
    <property name="org.xml.sax.driver" value="com.sun.org.apache.xerces.internal.jaxp.SAXParserImpl$JAXPSAXParser" />
    <property name="j2ee.server.instance" value="tomcat70:home=/usr/local/apache-tomcat-7.0.27:base=apache-tomcat-7.0.27.0_base" />
    <property name="libs.javac-api.javadoc" value="" />
    <property name="os.name" value="Linux" />
    <property name="libs.beans-binding.classpath" value="/usr/local/netbeans-7.2/java/modules/ext/beansbinding-1.2.1.jar" />
    <property name="ap.proc.none.internal" value="" />
    <property name="ant.file.SocialBib-impl" value="/home/ciro/Área de Trabalho/SocialBib/nbproject/build-impl.xml" />
    <property name="org.whattf.datatype.lang-registry" value="jar:file:/usr/local/netbeans-7.2/ide/modules/ext/validator.jar!/nu/validator/localentities/files/www_iana_org_assignments_language_subtag_registry" />
    <property name="libs.restapi.javadoc" value="/usr/local/netbeans-7.2/enterprise/docs/jsr311-api-1.1.1-javadoc.zip" />
    <property name="libs.JWSAntTasks.maven-pom" value="" />
    <property name="libs.testng.src" value="" />
    <property name="nu.validator.spec.alt-advice" value="jar:file:/usr/local/netbeans-7.2/ide/modules/ext/validator.jar!/nu/validator/localentities/files/wiki_whatwg_org_wiki_Validator_nu_alt_advice" />
    <property name="libs.spring-webmvc3.0.src" value="" />
    <property name="libs.restapi.classpath" value="/usr/local/netbeans-7.2/enterprise/modules/ext/rest/jsr311-api-1.1.1.jar" />
    <property name="runmain.jvmargs" value="" />
    <property name="java.vendor.url.bug" value="http://java.sun.com/cgi-bin/bugreport.cgi" />
    <property name="libs.jaxb.maven-pom" value="" />
    <property name="os.arch" value="i386" />
    <property name="libs.eclipselink.src" value="" />
    <property name="user.name" value="ciro" />
    <property name="j2ee.compile.on.save" value="true" />
    <property name="libs.jsf12.javadoc" value="/usr/local/netbeans-7.2/enterprise/docs/javaee6-doc-api.zip" />
    <property name="libs.spring-webmvc3.0.maven-pom" value="" />
    <property name="libs.swing-layout.maven-pom" value="" />
    <property name="sun.java.command" value="org.apache.tools.ant.taskdefs.optional.junit.JUnitTestRunner beans.LivroMBTest filtertrace=true haltOnError=false haltOnFailure=false showoutput=true outputtoformatters=true logfailedtests=true logtestlistenerevents=true formatter=org.apache.tools.ant.taskdefs.optional.junit.BriefJUnitResultFormatter formatter=org.apache.tools.ant.taskdefs.optional.junit.XMLJUnitResultFormatter,/home/ciro/Área de Trabalho/SocialBib/build/test/results/TEST-beans.LivroMBTest.xml crashfile=/home/ciro/Área de Trabalho/SocialBib/build/junitvmwatcher6595688032930035620.properties propsfile=/home/ciro/Área de Trabalho/SocialBib/build/junit6183830300027144787.properties" />
    <property name="build.classes.dir" value="build/web/WEB-INF/classes" />
    <property name="netbeans.accept_license_class" value="org.netbeans.license.AcceptLicense" />
    <property name="ap.supported.internal" value="true" />
    <property name="libs.jaxws21.javadoc" value="/usr/local/netbeans-7.2/java/docs/jaxws-api-doc.zip" />
    <property name="build.web.excludes" value="**/*.java,**/*.form" />
    <property name="includes" value="**" />
    <property name="user.country" value="BR" />
    <property name="libs.jstl11.javadoc" value="/home/ciro/Área de Trabalho/SocialBib/lib/jstl11/javaee6-doc-api.zip" />
    <property name="javadoc.encoding" value="UTF-8" />
    <property name="javac.classpath" value="/home/ciro/Área de Trabalho/SocialBib/lib/jsf20/jsf-api.jar:/home/ciro/Área de Trabalho/SocialBib/lib/jsf20/jsf-impl.jar:/home/ciro/Área de Trabalho/SocialBib/lib/jstl11/standard.jar:/home/ciro/Área de Trabalho/SocialBib/lib/jstl11/jstl.jar:/home/ciro/Área de Trabalho/SocialBib/lib/eclipselink/eclipselink-2.3.2.jar:/home/ciro/Área de Trabalho/SocialBib/lib/eclipselink/javax.persistence-2.0.3.jar:/home/ciro/Área de Trabalho/SocialBib/lib/eclipselink/org.eclipse.persistence.jpa.jpql_1.0.1.jar:lib/postgresql-9.2-1002.jdbc3.jar:lib/commons-email-1.3.jar:lib/smtp.jar:lib/mailapi.jar:lib\derbyclient.jar:lib\primefaces-3.5.jar" />
    <property name="libs.jsp-compilation-syscp.src" value="" />
    <property name="ant.file.SocialBib" value="/home/ciro/Área de Trabalho/SocialBib/build.xml" />
    <property name="do.debug.server" value="true" />
    <property name="debug-transport" value="dt_socket" />
    <property name="netbeans.system_http_non_proxy_hosts" value="" />
    <property name="netbeans.home" value="/usr/local/netbeans-7.2/platform" />
    <property name="build.compiler.emacs" value="true" />
    <property name="libs.javaee-web-api-6.0.src" value="" />
    <property name="libs.ejb3-persistence.src" value="" />
    <property name="libs.jsp-compilation-syscp.classpath" value="/usr/local/netbeans-7.2/java/ant/lib/ant.jar:/usr/local/netbeans-7.2/enterprise/modules/ext/servlet3.0-jsp2.2-api.jar:/usr/local/netbeans-7.2/enterprise/modules/ext/glassfish-jspparser-3.0.jar:/usr/local/netbeans-7.2/enterprise/modules/ext/standard.jar:/usr/local/netbeans-7.2/enterprise/modules/ext/jsf-2_1/jsf-impl.jar" />
    <property name="java.endorsed.dirs" value="/usr/lib/jvm/java-6-openjdk-i386/jre/lib/endorsed" />
    <property name="netbeans.dynamic.classpath" value="/usr/local/netbeans-7.2/platform/core/org-openide-filesystems.jar:/usr/local/netbeans-7.2/platform/core/core.jar:/usr/local/netbeans-7.2/platform/core/locale/org-openide-filesystems_pt_BR.jar:/usr/local/netbeans-7.2/platform/core/locale/org-openide-filesystems_ja.jar:/usr/local/netbeans-7.2/platform/core/locale/core_ja.jar:/usr/local/netbeans-7.2/platform/core/locale/core_ru.jar:/usr/local/netbeans-7.2/platform/core/locale/core_zh_CN.jar:/usr/local/netbeans-7.2/platform/core/locale/core_pt_BR.jar:/usr/local/netbeans-7.2/platform/core/locale/org-openide-filesystems_ru.jar:/usr/local/netbeans-7.2/platform/core/locale/org-openide-filesystems_zh_CN.jar:/usr/local/netbeans-7.2/nb/core/org-netbeans-upgrader.jar:/usr/local/netbeans-7.2/nb/core/locale/core_nb_ru.jar:/usr/local/netbeans-7.2/nb/core/locale/core_nb_pt_BR.jar:/usr/local/netbeans-7.2/nb/core/locale/core_nb.jar:/usr/local/netbeans-7.2/nb/core/locale/core_nb_zh_CN.jar:/usr/local/netbeans-7.2/nb/core/locale/org-netbeans-upgrader_ru.jar:/usr/local/netbeans-7.2/nb/core/locale/org-netbeans-upgrader_ja.jar:/usr/local/netbeans-7.2/nb/core/locale/org-netbeans-upgrader_pt_BR.jar:/usr/local/netbeans-7.2/nb/core/locale/core_nb_ja.jar:/usr/local/netbeans-7.2/nb/core/locale/org-netbeans-upgrader_zh_CN.jar" />
    <property name="java.vm.specification.version" value="1.0" />
    <property name="libs.primefaces.classpath" value="/home/ciro/Área de Trabalho/SocialBib/lib/primefaces/primefaces-3.2.jar" />
    <property name="libs.javaee-api-6.0.classpath" value="/usr/local/netbeans-7.2/enterprise/modules/ext/javaee-api-6.0.jar" />
    <property name="netbeans.productversion" value="NetBeans IDE 7.2 (Build 201207171143)" />
    <property name="libs.hibernate-persistence.classpath" value="/usr/local/netbeans-7.2/java/modules/ext/hibernate/antlr-2.7.6.jar:/usr/local/netbeans-7.2/java/modules/ext/hibernate/asm.jar:/usr/local/netbeans-7.2/java/modules/ext/hibernate/asm-attrs.jar:/usr/local/netbeans-7.2/java/modules/ext/hibernate/cglib-2.1.3.jar:/usr/local/netbeans-7.2/java/modules/ext/hibernate/commons-collections-2.1.1.jar:/usr/local/netbeans-7.2/ide/modules/org-apache-commons-logging.jar:/usr/local/netbeans-7.2/java/modules/ext/hibernate/dom4j-1.6.1.jar:/usr/local/netbeans-7.2/java/modules/ext/hibernate/ehcache-1.2.3.jar:/usr/local/netbeans-7.2/java/modules/ext/hibernate/jdbc2_0-stdext.jar:/usr/local/netbeans-7.2/java/modules/ext/hibernate/jta.jar:/usr/local/netbeans-7.2/java/modules/ext/hibernate/hibernate3.jar:/usr/local/netbeans-7.2/java/modules/ext/hibernate/hibernate-tools.jar:/usr/local/netbeans-7.2/java/modules/ext/hibernate/hibernate-annotations.jar:/usr/local/netbeans-7.2/java/modules/ext/hibernate/hibernate-commons-annotations.jar:/usr/local/netbeans-7.2/java/modules/ext/hibernate/hibernate-entitymanager.jar:/usr/local/netbeans-7.2/java/modules/ext/hibernate/javassist.jar:/usr/local/netbeans-7.2/java/modules/ext/hibernate/ejb3-persistence.jar" />
    <property name="libs.jaxws21.src" value="" />
    <property name="do.war.package.with.custom.manifest" value="true" />
    <property name="netbeans.autoupdate.language" value="pt" />
    <property name="java.vendor" value="Sun Microsystems Inc." />
    <property name="libs.javaee-api-6.0.javadoc" value="/usr/local/netbeans-7.2/enterprise/docs/javaee6-doc-api.zip" />
    <property name="javac.debug" value="true" />
    <property name="javadoc.splitindex" value="true" />
    <property name="file.separator" value="/" />
    <property name="libs.junit_4.maven-pom" value="" />
    <property name="resource.dir" value="setup" />
    <property name="javac.test.processorpath" value="/home/ciro/Área de Trabalho/SocialBib/lib/jsf20/jsf-api.jar:/home/ciro/Área de Trabalho/SocialBib/lib/jsf20/jsf-impl.jar:/home/ciro/Área de Trabalho/SocialBib/lib/jstl11/standard.jar:/home/ciro/Área de Trabalho/SocialBib/lib/jstl11/jstl.jar:/home/ciro/Área de Trabalho/SocialBib/lib/eclipselink/eclipselink-2.3.2.jar:/home/ciro/Área de Trabalho/SocialBib/lib/eclipselink/javax.persistence-2.0.3.jar:/home/ciro/Área de Trabalho/SocialBib/lib/eclipselink/org.eclipse.persistence.jpa.jpql_1.0.1.jar:lib/postgresql-9.2-1002.jdbc3.jar:lib/commons-email-1.3.jar:lib/smtp.jar:lib/mailapi.jar:lib\derbyclient.jar:lib\primefaces-3.5.jar:build/web/WEB-INF/classes:/home/ciro/Área de Trabalho/SocialBib/lib/junit_4/junit-4.10.jar:lib/mockito-all-1.9.5.jar" />
    <property name="netbeans.buildnumber" value="201207171143" />
    <property name="libs.JWSAntTasks.javadoc" value="" />
    <property name="build.generated.sources.dir" value="build/generated-sources" />
    <property name="libs.eclipselinkmodelgen.classpath" value="/home/ciro/Área de Trabalho/SocialBib/lib/eclipselinkmodelgen/org.eclipse.persistence.jpa.modelgen.processor-2.3.2.jar" />
    <property name="sun.java.launcher" value="SUN_STANDARD" />
    <property name="libs.junit.classpath" value="/home/ciro/Área de Trabalho/SocialBib/lib/junit/junit-3.8.2.jar" />
    <property name="libs.jaxb.javadoc" value="/usr/local/netbeans-7.2/ide/docs/jaxb-api-doc.zip" />
    <property name="libs.struts.classpath" value="/usr/local/netbeans-7.2/enterprise/modules/ext/struts/antlr-2.7.2.jar:/usr/local/netbeans-7.2/enterprise/modules/ext/struts/bsf-2.3.0.jar:/usr/local/netbeans-7.2/enterprise/modules/ext/struts/commons-beanutils-1.8.0.jar:/usr/local/netbeans-7.2/enterprise/modules/ext/struts/commons-chain-1.2.jar:/usr/local/netbeans-7.2/enterprise/modules/ext/struts/commons-digester-1.8.jar:/usr/local/netbeans-7.2/enterprise/modules/ext/struts/commons-fileupload-1.1.1.jar:/usr/local/netbeans-7.2/enterprise/modules/ext/struts/commons-io-1.1.jar:/usr/local/netbeans-7.2/enterprise/modules/ext/struts/commons-logging-1.0.4.jar:/usr/local/netbeans-7.2/enterprise/modules/ext/struts/commons-validator-1.3.1.jar:/usr/local/netbeans-7.2/enterprise/modules/ext/struts/jstl-1.0.2.jar:/usr/local/netbeans-7.2/enterprise/modules/ext/struts/oro-2.0.8.jar:/usr/local/netbeans-7.2/enterprise/modules/ext/struts/standard-1.0.6.jar:/usr/local/netbeans-7.2/enterprise/modules/ext/struts/struts-core-1.3.10.jar:/usr/local/netbeans-7.2/enterprise/modules/ext/struts/struts-el-1.3.10.jar:/usr/local/netbeans-7.2/enterprise/modules/ext/struts/struts-extras-1.3.10.jar:/usr/local/netbeans-7.2/enterprise/modules/ext/struts/struts-faces-1.3.10.jar:/usr/local/netbeans-7.2/enterprise/modules/ext/struts/struts-mailreader-dao-1.3.10.jar:/usr/local/netbeans-7.2/enterprise/modules/ext/struts/struts-scripting-1.3.10.jar:/usr/local/netbeans-7.2/enterprise/modules/ext/struts/struts-taglib-1.3.10.jar:/usr/local/netbeans-7.2/enterprise/modules/ext/struts/struts-tiles-1.3.10.jar" />
    <property name="application.args.param" value="" />
    <property name="org.openide.awt.SwingBrowserImpl.do-not-block-awt" value="false" />
    <property name="ant.home" value="/usr/local/netbeans-7.2/java/ant" />
    <property name="libs.junit_4.src" value="/home/ciro/Área de Trabalho/SocialBib/lib/junit_4/junit-4.10-sources.jar" />
    <property name="libs.testng.classpath" value="/usr/local/netbeans-7.2/platform/modules/ext/testng-6.5.1-dist.jar" />
    <property name="conf.dir" value="src/conf" />
    <property name="webinf.dir" value="web/WEB-INF" />
    <property name="libs.absolutelayout.maven-pom" value="" />
    <property name="ant.java.version" value="1.6" />
    <property name="java.library.path" value="/usr/lib/jvm/java-6-openjdk-i386/jre/lib/i386/server:/usr/lib/jvm/java-6-openjdk-i386/jre/lib/i386:/usr/lib/jvm/java-6-openjdk-i386/jre/../lib/i386:/usr/lib/jvm/java-6-openjdk-i386/jre/lib/i386/client:/usr/lib/jvm/java-6-openjdk-i386/jre/lib/i386:/usr/lib/jvm/java-6-openjdk-i386/jre/../lib/i386:/usr/java/packages/lib/i386:/usr/lib/i386-linux-gnu/jni:/lib/i386-linux-gnu:/usr/lib/i386-linux-gnu:/usr/lib/jni:/lib:/usr/lib" />
    <property name="javadoc.author" value="false" />
    <property name="libs.metro.maven-pom" value="" />
    <property name="java.util.logging.config.class" value="org.netbeans.core.startup.TopLogging" />
    <property name="libs.PostgreSQLDriver.src" value="" />
    <property name="sun.arch.data.model" value="32" />
    <property name="basedir" value="/home/ciro/Área de Trabalho/SocialBib" />
    <property name="libs.jpa20-persistence.maven-pom" value="" />
    <property name="jar.compress" value="false" />
    <property name="libs.jstl11.classpath" value="/home/ciro/Área de Trabalho/SocialBib/lib/jstl11/standard.jar:/home/ciro/Área de Trabalho/SocialBib/lib/jstl11/jstl.jar" />
    <property name="libs.eclipselinkmodelgen.displayName" value="EclipseLink-ModelGen (JPA 2.0)" />
    <property name="path.separator" value=":" />
    <property name="dist.war" value="dist/SocialBib.war" />
    <property name="libs.javaee-web-api-6.0.javadoc" value="/usr/local/netbeans-7.2/enterprise/docs/javaee6-doc-api.zip" />
    <property name="ant.junit.enabletestlistenerevents" value="true" />
    <property name="sun.io.unicode.encoding" value="UnicodeLittle" />
    <property name="libs.jaxws21.classpath" value="/usr/local/netbeans-7.2/ide/modules/ext/jaxb/jaxb-impl.jar:/usr/local/netbeans-7.2/ide/modules/ext/jaxb/jaxb-xjc.jar:/usr/local/netbeans-7.2/java/modules/ext/jaxws22/FastInfoset.jar:/usr/local/netbeans-7.2/java/modules/ext/jaxws22/gmbal-api-only.jar:/usr/local/netbeans-7.2/java/modules/ext/jaxws22/ha-api.jar:/usr/local/netbeans-7.2/java/modules/ext/jaxws22/javax.mail_1.4.jar:/usr/local/netbeans-7.2/java/modules/ext/jaxws22/jaxws-rt.jar:/usr/local/netbeans-7.2/java/modules/ext/jaxws22/jaxws-tools.jar:/usr/local/netbeans-7.2/java/modules/ext/jaxws22/management-api.jar:/usr/local/netbeans-7.2/java/modules/ext/jaxws22/mimepull.jar:/usr/local/netbeans-7.2/java/modules/ext/jaxws22/policy.jar:/usr/local/netbeans-7.2/java/modules/ext/jaxws22/saaj-impl.jar:/usr/local/netbeans-7.2/java/modules/ext/jaxws22/stax-ex.jar:/usr/local/netbeans-7.2/java/modules/ext/jaxws22/stax2-api.jar:/usr/local/netbeans-7.2/java/modules/ext/jaxws22/streambuffer.jar:/usr/local/netbeans-7.2/java/modules/ext/jaxws22/woodstox-core-asl.jar:/usr/local/netbeans-7.2/java/modules/ext/jaxws22/api/jaxws-api.jar:/usr/local/netbeans-7.2/java/modules/ext/jaxws22/api/jsr181-api.jar:/usr/local/netbeans-7.2/java/modules/ext/jaxws22/api/javax.annotation.jar:/usr/local/netbeans-7.2/java/modules/ext/jaxws22/api/saaj-api.jar:/usr/local/netbeans-7.2/ide/modules/ext/jaxb/activation.jar:/usr/local/netbeans-7.2/ide/modules/ext/jaxb/api/jaxb-api.jar:/usr/local/netbeans-7.2/ide/modules/ext/jaxb/api/jsr173_1.0_api.jar" />
    <property name="libs.struts.src" value="" />
    <property name="apple.awt.graphics.UseQuartz" value="true" />
    <property name="user.language" value="pt" />
    <property name="j2ee.platform.classpath" value="/usr/local/apache-tomcat-7.0.27/lib/tomcat-i18n-ja.jar:/usr/local/apache-tomcat-7.0.27/lib/catalina-tribes.jar:/usr/local/apache-tomcat-7.0.27/lib/tomcat-api.jar:/usr/local/apache-tomcat-7.0.27/lib/jsp-api.jar:/usr/local/apache-tomcat-7.0.27/lib/tomcat-i18n-fr.jar:/usr/local/apache-tomcat-7.0.27/lib/tomcat-i18n-es.jar:/usr/local/apache-tomcat-7.0.27/lib/servlet-api.jar:/usr/local/apache-tomcat-7.0.27/lib/tomcat-jdbc.jar:/usr/local/apache-tomcat-7.0.27/lib/jasper-el.jar:/usr/local/apache-tomcat-7.0.27/lib/catalina-ha.jar:/usr/local/apache-tomcat-7.0.27/lib/jasper.jar:/usr/local/apache-tomcat-7.0.27/lib/catalina-ant.jar:/usr/local/apache-tomcat-7.0.27/lib/annotations-api.jar:/usr/local/apache-tomcat-7.0.27/lib/tomcat-dbcp.jar:/usr/local/apache-tomcat-7.0.27/lib/ecj-3.7.2.jar:/usr/local/apache-tomcat-7.0.27/lib/el-api.jar:/usr/local/apache-tomcat-7.0.27/lib/tomcat-util.jar:/usr/local/apache-tomcat-7.0.27/lib/tomcat-coyote.jar:/usr/local/apache-tomcat-7.0.27/lib/catalina.jar" />
    <property name="testng.mode" value="testng" />
    <property name="libs.JAXB-ENDORSED.maven-pom" value="" />
    <property name="libs.spring-framework.classpath" value="/usr/local/netbeans-7.2/ide/modules/org-apache-commons-logging.jar:/usr/local/netbeans-7.2/java/modules/ext/cglib-2.2.jar:/usr/local/netbeans-7.2/java/modules/ext/spring/spring-2.5.6.SEC03.jar" />
    <property name="libs.eclipselink.maven-pom" value="" />
    <property name="build.meta.inf.dir" value="build/web/META-INF" />
    <property name="persistence.xml.dir" value="src/conf" />
    <property name="org.whattf.datatype.charset-registry" value="jar:file:/usr/local/netbeans-7.2/ide/modules/ext/validator.jar!/nu/validator/localentities/files/www_iana_org_assignments_character_sets" />
    <property name="libs.primefaces.javadoc" value="" />
    <property name="libs.spring-framework300.maven-pom" value="" />
    <property name="run.test.classpath" value="/home/ciro/Área de Trabalho/SocialBib/lib/jsf20/jsf-api.jar:/home/ciro/Área de Trabalho/SocialBib/lib/jsf20/jsf-impl.jar:/home/ciro/Área de Trabalho/SocialBib/lib/jstl11/standard.jar:/home/ciro/Área de Trabalho/SocialBib/lib/jstl11/jstl.jar:/home/ciro/Área de Trabalho/SocialBib/lib/eclipselink/eclipselink-2.3.2.jar:/home/ciro/Área de Trabalho/SocialBib/lib/eclipselink/javax.persistence-2.0.3.jar:/home/ciro/Área de Trabalho/SocialBib/lib/eclipselink/org.eclipse.persistence.jpa.jpql_1.0.1.jar:lib/postgresql-9.2-1002.jdbc3.jar:lib/commons-email-1.3.jar:lib/smtp.jar:lib/mailapi.jar:lib\derbyclient.jar:lib\primefaces-3.5.jar:build/web/WEB-INF/classes:/home/ciro/Área de Trabalho/SocialBib/lib/junit_4/junit-4.10.jar:lib/mockito-all-1.9.5.jar:build/test/classes" />
    <property name="ant.project.invoked-targets" value="test" />
    <property name="libs.swing-layout.javadoc" value="/usr/local/netbeans-7.2/platform/docs/swing-layout-1.0.4-doc.zip" />
    <property name="libs.ejb3-persistence.maven-pom" value="" />
    <property name="jspc.schemas" value="/resources/schemas/" />
    <property name="libs.PostgreSQLDriver.maven-pom" value="" />
    <property name="java.class.version" value="50.0" />
    <property name="libs.javaee-endorsed-api-6.0.src" value="" />
    <property name="ant.file.type.SocialBib" value="file" />
    <property name="netbeans.system_http_proxy" value="DIRECT" />
    <property name="libs.eclipselink.javadoc" value="" />
    <property name="libs.jsp-compilation.maven-pom" value="" />
    <property name="user.properties.file" value="/home/ciro/.netbeans/7.2/build.properties" />
    <property name="build.web.dir" value="build/web" />
    <property name="libs.spring-framework.src" value="" />
    <property name="libs.javac-api.maven-pom" value="" />
    <property name="file.encoding.pkg" value="sun.io" />
    <property name="sun.cpu.endian" value="little" />
    <property name="libs.JAXB-ENDORSED.javadoc" value="" />
    <property name="libs.JWSAntTasks.classpath" value="/usr/local/netbeans-7.2/java/ant/extra/org-netbeans-modules-javawebstart-anttasks.jar" />
    <property name="libs.spring-framework300.src" value="" />
    <property name="file.reference.derbyclient.jar" value="lib\derbyclient.jar" />
    <property name="auxiliary.org-netbeans-modules-projectapi.jsf_2e_language" value="Facelets" />
    <property name="empty.dir" value="/home/ciro/Área de Trabalho/SocialBib/build/empty" />
    <property name="display.browser" value="true" />
    <property name="version-output" value="java version &quot;1.6" />
    <property name="javadoc.preview" value="true" />
    <property name="libs.jpa20-persistence.javadoc" value="" />
    <property name="nbplatform.default.harness.dir" value="/usr/local/netbeans-7.2/harness" />
    <property name="java.home" value="/usr/lib/jvm/java-6-openjdk-i386/jre" />
    <property name="libs.jsp-compilation.src" value="" />
    <property name="libs.spring-webmvc.src" value="" />
    <property name="debug.test.classpath" value="/home/ciro/Área de Trabalho/SocialBib/lib/jsf20/jsf-api.jar:/home/ciro/Área de Trabalho/SocialBib/lib/jsf20/jsf-impl.jar:/home/ciro/Área de Trabalho/SocialBib/lib/jstl11/standard.jar:/home/ciro/Área de Trabalho/SocialBib/lib/jstl11/jstl.jar:/home/ciro/Área de Trabalho/SocialBib/lib/eclipselink/eclipselink-2.3.2.jar:/home/ciro/Área de Trabalho/SocialBib/lib/eclipselink/javax.persistence-2.0.3.jar:/home/ciro/Área de Trabalho/SocialBib/lib/eclipselink/org.eclipse.persistence.jpa.jpql_1.0.1.jar:lib/postgresql-9.2-1002.jdbc3.jar:lib/commons-email-1.3.jar:lib/smtp.jar:lib/mailapi.jar:lib\derbyclient.jar:lib\primefaces-3.5.jar:build/web/WEB-INF/classes:/home/ciro/Área de Trabalho/SocialBib/lib/junit_4/junit-4.10.jar:lib/mockito-all-1.9.5.jar:build/test/classes" />
    <property name="libs.javaee-endorsed-api-6.0.classpath" value="/home/ciro/Área de Trabalho/SocialBib/lib/javaee-endorsed-api-6.0/javax.annotation.jar:/home/ciro/Área de Trabalho/SocialBib/lib/javaee-endorsed-api-6.0/jaxb-api-osgi.jar:/home/ciro/Área de Trabalho/SocialBib/lib/javaee-endorsed-api-6.0/webservices-api-osgi.jar" />
    <property name="libs.javaee-api-6.0.src" value="" />
    <property name="netbeans.importclass" value="org.netbeans.upgrade.AutoUpgrade" />
    <property name="ant.project.default-target" value="default" />
    <property name="annotation.processing.run.all.processors" value="true" />
    <property name="libs.PostgreSQLDriver.javadoc" value="" />
    <property name="libs.restlib.classpath" value="/usr/local/netbeans-7.2/enterprise/modules/ext/rest/asm-3.1.jar:/usr/local/netbeans-7.2/enterprise/modules/ext/rest/jackson-core-asl-1.7.1.jar:/usr/local/netbeans-7.2/enterprise/modules/ext/rest/jackson-jaxrs-1.7.1.jar:/usr/local/netbeans-7.2/enterprise/modules/ext/rest/jackson-mapper-asl-1.7.1.jar:/usr/local/netbeans-7.2/enterprise/modules/ext/rest/jackson-xc-1.7.1.jar:/usr/local/netbeans-7.2/enterprise/modules/ext/rest/jersey-apache-client-1.8.jar:/usr/local/netbeans-7.2/enterprise/modules/ext/rest/jersey-atom-abdera-1.8.jar:/usr/local/netbeans-7.2/enterprise/modules/ext/rest/jersey-client-1.8.jar:/usr/local/netbeans-7.2/enterprise/modules/ext/rest/jersey-core-1.8.jar:/usr/local/netbeans-7.2/enterprise/modules/ext/rest/jersey-guice-1.8.jar:/usr/local/netbeans-7.2/enterprise/modules/ext/rest/jersey-json-1.8.jar:/usr/local/netbeans-7.2/enterprise/modules/ext/rest/jersey-multipart-1.8.jar:/usr/local/netbeans-7.2/enterprise/modules/ext/rest/jersey-server-1.8.jar:/usr/local/netbeans-7.2/enterprise/modules/ext/rest/jersey-simple-server-1.8.jar:/usr/local/netbeans-7.2/enterprise/modules/ext/rest/jersey-spring-1.8.jar:/usr/local/netbeans-7.2/enterprise/modules/ext/rest/jettison-1.1.jar:/usr/local/netbeans-7.2/enterprise/modules/ext/rest/oauth-client-1.8.jar:/usr/local/netbeans-7.2/enterprise/modules/ext/rest/oauth-server-1.8.jar:/usr/local/netbeans-7.2/enterprise/modules/ext/rest/oauth-signature-1.8.jar:/usr/local/netbeans-7.2/ide/modules/ext/jaxb/activation.jar:/usr/local/netbeans-7.2/ide/modules/ext/jaxb/api/jaxb-api.jar:/usr/local/netbeans-7.2/ide/modules/ext/jaxb/api/jsr173_1.0_api.jar" />
    <property name="libs.MySQLDriver.maven-pom" value="" />
    <property name="libraries.dir.nativedirsep" value="/home/ciro/Área de Trabalho/SocialBib/lib" />
    <property name="libs.junit_4.javadoc" value="/home/ciro/Área de Trabalho/SocialBib/lib/junit_4/junit-4.10-javadoc.jar" />
    <property name="libs.spring-webmvc.javadoc" value="" />
    <property name="libs.javaee-web-api-6.0.maven-pom" value="" />
    <property name="j2ee.deploy.on.save" value="true" />
    <property name="libs.hibernate-support.src" value="" />
    <property name="jna.boot.library.name" value="jnidispatch-340" />
    <property name="libs.javaee-endorsed-api-6.0.javadoc" value="/home/ciro/Área de Trabalho/SocialBib/lib/javaee-endorsed-api-6.0/javaee6-doc-api.zip" />
    <property name="libs.spring-webmvc3.0.javadoc" value="" />
    <property name="annotation.processing.enabled.in.editor" value="true" />
    <property name="libs.restapi.src" value="" />
    <property name="sun.management.compiler" value="HotSpot Tiered Compilers" />
    <property name="javac.deprecation" value="false" />
    <property name="javadoc.use" value="true" />
    <property name="libs.jstl11.displayName" value="JSTL 1.1" />
    <property name="client.urlPart" value="" />
    <property name="sun.java2d.noddraw" value="true" />
    <property name="libs.jsp-compiler.classpath" value="/usr/local/netbeans-7.2/enterprise/ant/extra/jspcompile.jar" />
    <property name="dist.ear.war" value="dist/SocialBib.war" />
    <property name="javac.processorpath" value="/home/ciro/Área de Trabalho/SocialBib/lib/jsf20/jsf-api.jar:/home/ciro/Área de Trabalho/SocialBib/lib/jsf20/jsf-impl.jar:/home/ciro/Área de Trabalho/SocialBib/lib/jstl11/standard.jar:/home/ciro/Área de Trabalho/SocialBib/lib/jstl11/jstl.jar:/home/ciro/Área de Trabalho/SocialBib/lib/eclipselink/eclipselink-2.3.2.jar:/home/ciro/Área de Trabalho/SocialBib/lib/eclipselink/javax.persistence-2.0.3.jar:/home/ciro/Área de Trabalho/SocialBib/lib/eclipselink/org.eclipse.persistence.jpa.jpql_1.0.1.jar:lib/postgresql-9.2-1002.jdbc3.jar:lib/commons-email-1.3.jar:lib/smtp.jar:lib/mailapi.jar:lib\derbyclient.jar:lib\primefaces-3.5.jar:/home/ciro/Área de Trabalho/SocialBib/lib/eclipselinkmodelgen/org.eclipse.persistence.jpa.modelgen.processor-2.3.2.jar" />
    <property name="libs.spring-webmvc.classpath" value="/usr/local/netbeans-7.2/enterprise/modules/ext/spring/spring-webmvc-2.5.6.SEC03.jar" />
    <property name="javac.compilerargs" value="" />
    <property name="ant.file" value="/home/ciro/Área de Trabalho/SocialBib/build.xml" />
    <property name="libs.beans-binding.maven-pom" value="" />
    <property name="libs.jsf12.classpath" value="/usr/local/netbeans-7.2/enterprise/modules/ext/jsf-1_2/commons-beanutils.jar:/usr/local/netbeans-7.2/enterprise/modules/ext/jsf-1_2/commons-collections.jar:/usr/local/netbeans-7.2/enterprise/modules/ext/jsf-1_2/commons-digester.jar:/usr/local/netbeans-7.2/enterprise/modules/ext/jsf-1_2/commons-logging.jar:/usr/local/netbeans-7.2/enterprise/modules/ext/jsf-1_2/jsf-api.jar:/usr/local/netbeans-7.2/enterprise/modules/ext/jsf-1_2/jsf-impl.jar" />
    <property name="has.custom.manifest" value="true" />
    <property name="libs.restapi.maven-pom" value="" />
    <property name="libs.beans-binding.src" value="" />
    <property name="java.vm.specification.vendor" value="Sun Microsystems Inc." />
    <property name="libs.swing-layout.src" value="/usr/local/netbeans-7.2/platform/docs/swing-layout-1.0.4-src.zip" />
    <property name="org.openide.major.version" value="IDE/1" />
    <property name="java.vm.name" value="OpenJDK Server VM" />
    <property name="do.display.browser.debug" value="true" />
    <property name="netbeans.user" value="/home/ciro/.netbeans/7.2" />
    <property name="javadoc.additionalparam" value="" />
    <property name="java.io.tmpdir" value="/tmp" />
    <property name="java.vendor.url" value="http://java.sun.com/" />
    <property name="file.reference.smtp.jar" value="lib/smtp.jar" />
    <property name="endorsed.classpath.cmd.line.arg" value="-Xbootclasspath/p:&apos;/home/ciro/Área de Trabalho/SocialBib/lib/javaee-endorsed-api-6.0/javax.annotation.jar:/home/ciro/Área de Trabalho/SocialBib/lib/javaee-endorsed-api-6.0/jaxb-api-osgi.jar:/home/ciro/Área de Trabalho/SocialBib/lib/javaee-endorsed-api-6.0/webservices-api-osgi.jar&apos;" />
    <property name="junit.available" value="true" />
    <property name="file.reference.mockito-all-1.9.5.jar" value="lib/mockito-all-1.9.5.jar" />
    <property name="libraries.basename" value="nblibraries" />
    <property name="compile.jsps" value="false" />
    <property name="libs.jsp-compiler.src" value="" />
    <property name="org.openide.awt.ActionReference.completion" value="org.netbeans.modules.apisupport.project.layers.PathCompletions" />
    <property name="deploy.ant.properties.file" value="/home/ciro/.netbeans/7.2/tomcat70.properties" />
    <property name="sun.boot.library.path" value="/usr/lib/jvm/java-6-openjdk-i386/jre/lib/i386" />
    <property name="have.sources" value="true" />
    <property name="debug.classpath" value="build/web/WEB-INF/classes:/home/ciro/Área de Trabalho/SocialBib/lib/jsf20/jsf-api.jar:/home/ciro/Área de Trabalho/SocialBib/lib/jsf20/jsf-impl.jar:/home/ciro/Área de Trabalho/SocialBib/lib/jstl11/standard.jar:/home/ciro/Área de Trabalho/SocialBib/lib/jstl11/jstl.jar:/home/ciro/Área de Trabalho/SocialBib/lib/eclipselink/eclipselink-2.3.2.jar:/home/ciro/Área de Trabalho/SocialBib/lib/eclipselink/javax.persistence-2.0.3.jar:/home/ciro/Área de Trabalho/SocialBib/lib/eclipselink/org.eclipse.persistence.jpa.jpql_1.0.1.jar:lib/postgresql-9.2-1002.jdbc3.jar:lib/commons-email-1.3.jar:lib/smtp.jar:lib/mailapi.jar:lib\derbyclient.jar:lib\primefaces-3.5.jar" />
    <property name="war.name" value="SocialBib.war" />
    <property name="javadoc.private" value="false" />
    <property name="test.src.dir" value="test" />
    <property name="libs.jsf20.classpath" value="/home/ciro/Área de Trabalho/SocialBib/lib/jsf20/jsf-api.jar:/home/ciro/Área de Trabalho/SocialBib/lib/jsf20/jsf-impl.jar" />
    <property name="ap.processors.internal" value="" />
    <property name="javadoc.encoding.used" value="UTF-8" />
    <property name="java.runtime.name" value="OpenJDK Runtime Environment" />
    <property name="ant.project.name" value="SocialBib" />
    <property name="netbeans.hash.code" value="unique=NB_JAVA_TOMCAT_WEBCOMMON_WEBEE027cd9058-2828-4e96-b504-d7cfaa4024d3_0cf8290a-21c8-4cac-a671-8765013d752a" />
    <property name="netbeans.default_userdir_root" value="/home/ciro/.netbeans" />
    <property name="libs.jsp-compilation-syscp.maven-pom" value="" />
    <property name="sun.cpu.isalist" value="" />
    <property name="libs.CopyLibs.javadoc" value="" />
    <property name="j2ee.server.domain" value="/home/ciro/.netbeans/7.2/apache-tomcat-7.0.27.0_base" />
    <property name="org.openide.specification.version" value="6.2" />
    <property name="j2ee.server.home" value="/usr/local/apache-tomcat-7.0.27" />
    <property name="libs.hibernate-support.classpath" value="/usr/local/netbeans-7.2/java/modules/ext/hibernate/antlr-2.7.6.jar:/usr/local/netbeans-7.2/java/modules/ext/hibernate/asm.jar:/usr/local/netbeans-7.2/java/modules/ext/hibernate/asm-attrs.jar:/usr/local/netbeans-7.2/java/modules/ext/hibernate/cglib-2.1.3.jar:/usr/local/netbeans-7.2/java/modules/ext/hibernate/commons-collections-2.1.1.jar:/usr/local/netbeans-7.2/ide/modules/org-apache-commons-logging.jar:/usr/local/netbeans-7.2/java/modules/ext/hibernate/dom4j-1.6.1.jar:/usr/local/netbeans-7.2/java/modules/ext/hibernate/ehcache-1.2.3.jar:/usr/local/netbeans-7.2/java/modules/ext/hibernate/jdbc2_0-stdext.jar:/usr/local/netbeans-7.2/java/modules/ext/hibernate/jta.jar:/usr/local/netbeans-7.2/java/modules/ext/hibernate/hibernate3.jar:/usr/local/netbeans-7.2/java/modules/ext/hibernate/hibernate-tools.jar:/usr/local/netbeans-7.2/java/modules/ext/hibernate/hibernate-annotations.jar:/usr/local/netbeans-7.2/java/modules/ext/hibernate/hibernate-commons-annotations.jar:/usr/local/netbeans-7.2/java/modules/ext/hibernate/hibernate-entitymanager.jar:/usr/local/netbeans-7.2/java/modules/ext/hibernate/javassist.jar" />
    <property name="user.home" value="/home/ciro" />
    <property name="annotation.processing.processors.list" value="" />
    <property name="libs.primefaces.maven-pom" value="" />
    <property name="debug-args-line" value="-Xdebug" />
    <property name="sun.zip.disableMemoryMapping" value="true" />
    <property name="libs.javaee-api-6.0.maven-pom" value="" />
    <property name="libs.JWSAntTasks.src" value="" />
    <property name="libs.CopyLibs.maven-pom" value="" />
    <property name="libs.spring-framework300.javadoc" value="" />
    <property name="libs.hibernate-persistence.maven-pom" value="" />
    <property name="libs.absolutelayout.javadoc" value="" />
    <property name="java.specification.name" value="Java Platform API Specification" />
    <property name="nu.validator.spec.microsyntax-descriptions" value="jar:file:/usr/local/netbeans-7.2/ide/modules/ext/validator.jar!/nu/validator/localentities/files/wiki_whatwg_org_wiki_MicrosyntaxDescriptions" />
    <property name="no.dist.ear.dir" value="true" />
    <property name="libs.CopyLibs.prop-version" value="1.0" />
    <property name="libraries.dir" value="/home/ciro/Área de Trabalho/SocialBib/lib" />
    <property name="java.specification.vendor" value="Sun Microsystems Inc." />
    <property name="libs.javac-api.classpath" value="/usr/local/netbeans-7.2/java/modules/ext/nb-javac-api.jar:/home/ciro/Área de Trabalho/derbyclient.jar" />
    <property name="java.version" value="1.6.0_27" />
    <property name="run.jvmargs.ide" value="" />
    <property name="javadoc.version" value="false" />
    <property name="libs.MySQLDriver.javadoc" value="" />
    <property name="org.openide.version" value="deprecated" />
    <property name="source.encoding" value="UTF-8" />
    <property name="ap.cmd.line.internal" value="" />
    <property name="libs.eclipselinkmodelgen.maven-pom" value="" />
    <property name="libs.jsp-compilation-syscp.javadoc" value="" />
    <property name="libs.junit.maven-pom" value="" />
    <property name="libs.eclipselinkmodelgen.javadoc" value="" />
    <property name="libs.metro.javadoc" value="/usr/local/netbeans-7.2/enterprise/docs/metro-1.4-doc.zip" />
    <property name="libs.struts.maven-pom" value="" />
    <property name="netbeans.home+have.tests" value="true" />
    <property name="annotation.processing.processor.options" value="-Aeclipselink.canonicalmodel.use_static_factory=false" />
    <property name="libs.testng.maven-pom" value="" />
    <property name="libs.jaxb.src" value="" />
    <property name="libs.jaxb.classpath" value="/usr/local/netbeans-7.2/ide/modules/ext/jaxb/jaxb-impl.jar:/usr/local/netbeans-7.2/ide/modules/ext/jaxb/jaxb-xjc.jar:/usr/local/netbeans-7.2/ide/modules/ext/jaxb/jaxb1-impl.jar:/usr/local/netbeans-7.2/ide/modules/ext/jaxb/activation.jar:/usr/local/netbeans-7.2/ide/modules/ext/jaxb/api/jaxb-api.jar:/usr/local/netbeans-7.2/ide/modules/ext/jaxb/api/jsr173_1.0_api.jar" />
    <property name="has.persistence.xml" value="true" />
    <property name="dist.javadoc.dir" value="dist/javadoc" />
    <property name="libs.spring-webmvc3.0.classpath" value="/usr/local/netbeans-7.2/java/modules/ext/spring-3.0/spring-webmvc-3.1.1.RELEASE.jar" />
    <property name="libs.swing-layout.classpath" value="/usr/local/netbeans-7.2/platform/modules/ext/swing-layout-1.0.4.jar" />
    <property name="jspc.dtds" value="/resources/dtds/" />
    <property name="libs.restlib.src" value="" />
    <property name="javac.source" value="1.6" />
    <property name="build.generated.dir" value="build/generated" />
    <property name="line.separator" value="&#xa;" />
    <property name="libs.hibernate-persistence.src" value="" />
    <property name="java.specification.version" value="1.6" />
    <property name="libraries.path" value="/home/ciro/Área de Trabalho/SocialBib/lib/nblibraries.properties" />
    <property name="java.vm.info" value="mixed mode" />
    <property name="libs.jaxws21.maven-pom" value="" />
    <property name="nb.junit.batch" value="true" />
    <property name="libs.spring-framework.maven-pom" value="" />
    <property name="sun.boot.class.path" value="/home/ciro/Área de Trabalho/SocialBib/lib/javaee-endorsed-api-6.0/javax.annotation.jar:/home/ciro/Área de Trabalho/SocialBib/lib/javaee-endorsed-api-6.0/jaxb-api-osgi.jar:/home/ciro/Área de Trabalho/SocialBib/lib/javaee-endorsed-api-6.0/webservices-api-osgi.jar:/usr/lib/jvm/java-6-openjdk-i386/jre/lib/resources.jar:/usr/lib/jvm/java-6-openjdk-i386/jre/lib/rt.jar:/usr/lib/jvm/java-6-openjdk-i386/jre/lib/sunrsasign.jar:/usr/lib/jvm/java-6-openjdk-i386/jre/lib/jsse.jar:/usr/lib/jvm/java-6-openjdk-i386/jre/lib/jce.jar:/usr/lib/jvm/java-6-openjdk-i386/jre/lib/charsets.jar:/usr/lib/jvm/java-6-openjdk-i386/jre/lib/netx.jar:/usr/lib/jvm/java-6-openjdk-i386/jre/lib/plugin.jar:/usr/lib/jvm/java-6-openjdk-i386/jre/lib/rhino.jar:/usr/lib/jvm/java-6-openjdk-i386/jre/lib/modules/jdk.boot.jar:/usr/lib/jvm/java-6-openjdk-i386/jre/classes" />
    <property name="javac.target" value="1.6" />
    <property name="libs.javaee-endorsed-api-6.0.displayName" value="Biblioteca Java EE 6 Endossada para API" />
    <property name="build.test.classes.dir" value="build/test/classes" />
    <property name="src.dir" value="src/java" />
    <property name="file.reference.commons-email-1.3.jar" value="lib/commons-email-1.3.jar" />
    <property name="annotation.processing.enabled" value="true" />
    <property name="libs.jsf20.src" value="" />
    <property name="libs.jpa20-persistence.src" value="" />
    <property name="libs.jsf12.src" value="" />
    <property name="j2ee.platform" value="1.6-web" />
    <property name="nbplatform.default.netbeans.dest.dir" value="/usr/local/netbeans-7.2" />
    <property name="libs.struts.javadoc" value="/usr/local/netbeans-7.2/enterprise/docs/struts-1.3.10-javadoc.zip" />
    <property name="ignore.failing.tests" value="true" />
    <property name="web.docbase.dir" value="web" />
    <property name="libs.primefaces.src" value="" />
    <property name="dist.dir" value="dist" />
    <property name="testng.debug.mode" value="" />
    <property name="javac.fork" value="false" />
    <property name="java.awt.printerjob" value="sun.print.PSPrinterJob" />
    <property name="default.javac.source" value="1.6" />
    <property name="debug-transport-by-os" value="dt_socket" />
    <property name="libs.MySQLDriver.src" value="" />
    <property name="libs.eclipselink.displayName" value="EclipseLink (JPA 2.0)" />
    <property name="sun.jnu.encoding" value="UTF-8" />
    <property name="ant.file.type.SocialBib-impl" value="file" />
    <property name="build.test.results.dir" value="build/test/results" />
    <property name="java.runtime.version" value="1.6.0_27-b27" />
    <property name="libs.ejb3-persistence.javadoc" value="" />
    <property name="jna.platform.library.path" value="/usr/lib/i386-linux-gnu:/lib/i386-linux-gnu:/usr/lib32:/usr/lib:/lib" />
    <property name="do.tmp.war.package.with.custom.manifest" value="true" />
    <property name="default.javac.target" value="1.6" />
    <property name="libs.junit_4.classpath" value="/home/ciro/Área de Trabalho/SocialBib/lib/junit_4/junit-4.10.jar" />
    <property name="user.timezone" value="" />
    <property name="nb.junit.single" value="false" />
    <property name="libs.junit_4.displayName" value="JUnit 4.10" />
    <property name="libs.javaee-endorsed-api-6.0.maven-pom" value="" />
    <property name="netbeans.dirs" value="/usr/local/netbeans-7.2/nb:/usr/local/netbeans-7.2/ergonomics:/usr/local/netbeans-7.2/ide:/usr/local/netbeans-7.2/java:/usr/local/netbeans-7.2/apisupport:/usr/local/netbeans-7.2/webcommon:/usr/local/netbeans-7.2/websvccommon:/usr/local/netbeans-7.2/enterprise:/usr/local/netbeans-7.2/mobility:/usr/local/netbeans-7.2/profiler:/usr/local/netbeans-7.2/python:/usr/local/netbeans-7.2/php:/usr/local/netbeans-7.2/identity:/usr/local/netbeans-7.2/harness:/usr/local/netbeans-7.2/cnd:/usr/local/netbeans-7.2/dlight:/usr/local/netbeans-7.2/groovy:/usr/local/netbeans-7.2/extra:/usr/local/netbeans-7.2/javacard:/usr/local/netbeans-7.2/javafx:" />
    <property name="libs.jsf20.javadoc" value="/home/ciro/Área de Trabalho/SocialBib/lib/jsf20/javaee6-doc-api.zip" />
    <property name="java.ext.dirs" value="/usr/lib/jvm/java-6-openjdk-i386/jre/lib/ext:/usr/java/packages/lib/ext" />
    <property name="libs.metro.src" value="" />
    <property name="endorsed.classpath" value="/home/ciro/Área de Trabalho/SocialBib/lib/javaee-endorsed-api-6.0/javax.annotation.jar:/home/ciro/Área de Trabalho/SocialBib/lib/javaee-endorsed-api-6.0/jaxb-api-osgi.jar:/home/ciro/Área de Trabalho/SocialBib/lib/javaee-endorsed-api-6.0/webservices-api-osgi.jar" />
    <property name="libs.absolutelayout.classpath" value="/home/ciro/.netbeans/7.2/modules/ext/AbsoluteLayout.jar" />
    <property name="libs.jsf20.displayName" value="JSF 2.1" />
    <property name="excludes" value="" />
    <property name="libs.metro.classpath" value="/usr/local/netbeans-7.2/ide/modules/ext/jaxb/activation.jar:/usr/local/netbeans-7.2/enterprise/modules/ext/metro/webservices-api.jar:/usr/local/netbeans-7.2/enterprise/modules/ext/metro/webservices-extra-api.jar:/usr/local/netbeans-7.2/enterprise/modules/ext/metro/webservices-extra.jar:/usr/local/netbeans-7.2/enterprise/modules/ext/metro/webservices-rt.jar:/usr/local/netbeans-7.2/enterprise/modules/ext/metro/webservices-tools.jar" />
    <property name="libs.restlib.maven-pom" value="" />
    <property name="file.reference.primefaces-3.5.jar" value="lib\primefaces-3.5.jar" />
    <property name="apple.laf.useScreenMenuBar" value="true" />
    <property name="java.class.path" value="/home/ciro/Área de Trabalho/SocialBib/lib/jsf20/jsf-api.jar:/home/ciro/Área de Trabalho/SocialBib/lib/jsf20/jsf-impl.jar:/home/ciro/Área de Trabalho/SocialBib/lib/jstl11/standard.jar:/home/ciro/Área de Trabalho/SocialBib/lib/jstl11/jstl.jar:/home/ciro/Área de Trabalho/SocialBib/lib/eclipselink/eclipselink-2.3.2.jar:/home/ciro/Área de Trabalho/SocialBib/lib/eclipselink/javax.persistence-2.0.3.jar:/home/ciro/Área de Trabalho/SocialBib/lib/eclipselink/org.eclipse.persistence.jpa.jpql_1.0.1.jar:/home/ciro/Área de Trabalho/SocialBib/lib/postgresql-9.2-1002.jdbc3.jar:/home/ciro/Área de Trabalho/SocialBib/lib/commons-email-1.3.jar:/home/ciro/Área de Trabalho/SocialBib/lib/smtp.jar:/home/ciro/Área de Trabalho/SocialBib/lib/mailapi.jar:/home/ciro/Área de Trabalho/SocialBib/lib/derbyclient.jar:/home/ciro/Área de Trabalho/SocialBib/lib/primefaces-3.5.jar:/home/ciro/Área de Trabalho/SocialBib/build/web/WEB-INF/classes:/home/ciro/Área de Trabalho/SocialBib/lib/junit_4/junit-4.10.jar:/home/ciro/Área de Trabalho/SocialBib/lib/mockito-all-1.9.5.jar:/home/ciro/Área de Trabalho/SocialBib/build/test/classes:/usr/local/apache-tomcat-7.0.27/lib/tomcat-i18n-ja.jar:/usr/local/apache-tomcat-7.0.27/lib/catalina-tribes.jar:/usr/local/apache-tomcat-7.0.27/lib/tomcat-api.jar:/usr/local/apache-tomcat-7.0.27/lib/jsp-api.jar:/usr/local/apache-tomcat-7.0.27/lib/tomcat-i18n-fr.jar:/usr/local/apache-tomcat-7.0.27/lib/tomcat-i18n-es.jar:/usr/local/apache-tomcat-7.0.27/lib/servlet-api.jar:/usr/local/apache-tomcat-7.0.27/lib/tomcat-jdbc.jar:/usr/local/apache-tomcat-7.0.27/lib/jasper-el.jar:/usr/local/apache-tomcat-7.0.27/lib/catalina-ha.jar:/usr/local/apache-tomcat-7.0.27/lib/jasper.jar:/usr/local/apache-tomcat-7.0.27/lib/catalina-ant.jar:/usr/local/apache-tomcat-7.0.27/lib/annotations-api.jar:/usr/local/apache-tomcat-7.0.27/lib/tomcat-dbcp.jar:/usr/local/apache-tomcat-7.0.27/lib/ecj-3.7.2.jar:/usr/local/apache-tomcat-7.0.27/lib/el-api.jar:/usr/local/apache-tomcat-7.0.27/lib/tomcat-util.jar:/usr/local/apache-tomcat-7.0.27/lib/tomcat-coyote.jar:/usr/local/apache-tomcat-7.0.27/lib/catalina.jar:/usr/local/netbeans-7.2/java/ant/lib/ant-launcher.jar:/usr/local/netbeans-7.2/java/ant/lib/ant.jar:/usr/local/netbeans-7.2/java/ant/lib/ant-junit.jar:/usr/local/netbeans-7.2/java/ant/lib/ant-junit4.jar" />
    <property name="libs.absolutelayout.src" value="" />
    <property name="libs.jpa20-persistence.classpath" value="/usr/local/netbeans-7.2/java/modules/ext/eclipselink/javax.persistence-2.0.3.jar" />
    <property name="j2ee.server.type" value="Tomcat" />
    <property name="os.version" value="3.2.0-29-generic-pae" />
    <property name="sun.desktop" value="gnome" />
    <property name="war.content.additional" value="" />
    <property name="libs.restlib.javadoc" value="/usr/local/netbeans-7.2/enterprise/docs/jersey-1.8-javadoc.zip:/usr/local/netbeans-7.2/enterprise/docs/jersey-apache-client-1.8-javadoc.zip:/usr/local/netbeans-7.2/enterprise/docs/jersey-atom-abdera-1.8-javadoc.zip:/usr/local/netbeans-7.2/enterprise/docs/jersey-guice-1.8-javadoc.zip:/usr/local/netbeans-7.2/enterprise/docs/jersey-multipart-1.8-javadoc.zip:/usr/local/netbeans-7.2/enterprise/docs/jersey-simple-server-1.8-javadoc.zip:/usr/local/netbeans-7.2/enterprise/docs/jersey-spring-1.8-javadoc.zip:/usr/local/netbeans-7.2/enterprise/docs/oauth-client-1.8-javadoc.zip:/usr/local/netbeans-7.2/enterprise/docs/oauth-server-1.8-javadoc.zip:/usr/local/netbeans-7.2/enterprise/docs/oauth-signature-1.8-javadoc.zip" />
    <property name="libs.JAXB-ENDORSED.classpath" value="/usr/local/netbeans-7.2/ide/modules/ext/jaxb/api/jaxb-api.jar" />
    <property name="j2ee.platform.embeddableejb.classpath" value="" />
    <property name="forceRedeploy" value="false" />
    <property name="libs.eclipselink.classpath" value="/home/ciro/Área de Trabalho/SocialBib/lib/eclipselink/eclipselink-2.3.2.jar:/home/ciro/Área de Trabalho/SocialBib/lib/eclipselink/javax.persistence-2.0.3.jar:/home/ciro/Área de Trabalho/SocialBib/lib/eclipselink/org.eclipse.persistence.jpa.jpql_1.0.1.jar" />
    <property name="libs.beans-binding.javadoc" value="/usr/local/netbeans-7.2/java/docs/beansbinding-1.2.1-doc.zip" />
    <property name="java.awt.graphicsenv" value="sun.awt.X11GraphicsEnvironment" />
    <property name="libs.junit.displayName" value="JUnit 3.8.2" />
    <property name="java.vm.vendor" value="Sun Microsystems Inc." />
    <property name="libs.CopyLibs.classpath" value="/home/ciro/Área de Trabalho/SocialBib/lib/CopyLibs/org-netbeans-modules-java-j2seproject-copylibstask.jar" />
    <property name="libs.spring-framework300.classpath" value="/usr/local/netbeans-7.2/ide/modules/org-apache-commons-logging.jar:/usr/local/netbeans-7.2/java/modules/ext/cglib-2.2.jar:/usr/local/netbeans-7.2/java/modules/ext/spring-3.0/spring-aop-3.1.1.RELEASE.jar:/usr/local/netbeans-7.2/java/modules/ext/spring-3.0/spring-asm-3.1.1.RELEASE.jar:/usr/local/netbeans-7.2/java/modules/ext/spring-3.0/spring-aspects-3.1.1.RELEASE.jar:/usr/local/netbeans-7.2/java/modules/ext/spring-3.0/spring-beans-3.1.1.RELEASE.jar:/usr/local/netbeans-7.2/java/modules/ext/spring-3.0/spring-context-3.1.1.RELEASE.jar:/usr/local/netbeans-7.2/java/modules/ext/spring-3.0/spring-context-support-3.1.1.RELEASE.jar:/usr/local/netbeans-7.2/java/modules/ext/spring-3.0/spring-core-3.1.1.RELEASE.jar:/usr/local/netbeans-7.2/java/modules/ext/spring-3.0/spring-expression-3.1.1.RELEASE.jar:/usr/local/netbeans-7.2/java/modules/ext/spring-3.0/spring-instrument-3.1.1.RELEASE.jar:/usr/local/netbeans-7.2/java/modules/ext/spring-3.0/spring-instrument-tomcat-3.1.1.RELEASE.jar:/usr/local/netbeans-7.2/java/modules/ext/spring-3.0/spring-jdbc-3.1.1.RELEASE.jar:/usr/local/netbeans-7.2/java/modules/ext/spring-3.0/spring-jms-3.1.1.RELEASE.jar:/usr/local/netbeans-7.2/java/modules/ext/spring-3.0/spring-orm-3.1.1.RELEASE.jar:/usr/local/netbeans-7.2/java/modules/ext/spring-3.0/spring-oxm-3.1.1.RELEASE.jar:/usr/local/netbeans-7.2/java/modules/ext/spring-3.0/spring-test-3.1.1.RELEASE.jar:/usr/local/netbeans-7.2/java/modules/ext/spring-3.0/spring-tx-3.1.1.RELEASE.jar:/usr/local/netbeans-7.2/java/modules/ext/spring-3.0/spring-web-3.1.1.RELEASE.jar:/usr/local/netbeans-7.2/java/modules/ext/spring-3.0/spring-webmvc-portlet-3.1.1.RELEASE.jar:/usr/local/netbeans-7.2/java/modules/ext/spring-3.0/spring-webmvc-3.1.1.RELEASE.jar:/usr/local/netbeans-7.2/java/modules/ext/spring-3.0/spring-struts-3.1.1.RELEASE.jar" />
    <property name="libs.jsp-compiler.maven-pom" value="" />
    <property name="libs.spring-webmvc.maven-pom" value="" />
    <property name="libs.ejb3-persistence.classpath" value="/usr/local/netbeans-7.2/java/modules/ext/hibernate/ejb3-persistence.jar" />
    <property name="libs.spring-framework.javadoc" value="" />
    <property name="libs.JAXB-ENDORSED.src" value="" />
    <property name="libs.testng.javadoc" value="/usr/local/netbeans-7.2/platform/docs/testng-6.5.1-javadoc.zip" />
    <property name="libs.PostgreSQLDriver.classpath" value="/usr/local/netbeans-7.2/ide/modules/ext/postgresql-9.1-901.jdbc4.jar" />
    <property name="libs.jsf12.maven-pom" value="" />
    <property name="libs.junit.src" value="" />
    <property name="annotation.processing.source.output" value="build/generated-sources/ap-source-output" />
    <property name="libs.CopyLibs.displayName" value="Tarefa CopyLibs" />
    <property name="build.dir" value="build" />
    <property name="libs.CopyLibs.src" value="" />
    <property name="libs.jsp-compilation.classpath" value="/usr/local/netbeans-7.2/java/ant/lib/ant.jar:/usr/local/netbeans-7.2/enterprise/modules/ext/servlet3.0-jsp2.2-api.jar:/usr/local/netbeans-7.2/enterprise/modules/ext/glassfish-jspparser-3.0.jar:/usr/local/netbeans-7.2/enterprise/modules/ext/jsf-2_1/jsf-api.jar:/usr/local/netbeans-7.2/enterprise/modules/ext/jstl.jar:/usr/local/netbeans-7.2/java/ant/lib/ant-launcher.jar" />
    <property name="libs.primefaces.displayName" value="PrimeFaces 3.2" />
    <property name="ant.version" value="Apache Ant(TM) version 1.8.3 compiled on February 26 2012" />
    <property name="file.reference.mailapi.jar" value="lib/mailapi.jar" />
    <property name="file.encoding" value="UTF-8" />
    <property name="build.classes.excludes" value="**/*.java,**/*.form" />
    <property name="jdkBug6558476" value="false" />
    <property name="javadoc.nonavbar" value="false" />
    <property name="platform.active" value="default_platform" />
    <property name="war.ear.name" value="SocialBib.war" />
  </properties>
  <testcase classname="junit.framework.TestSuite" name="beans.LivroMBTest" time="0.001">
    <error type="java.lang.NullPointerException">java.lang.NullPointerException
	at util.FacesUtil.adicionarMensagem(FacesUtil.java:51)
	at util.FacesUtil.adicionarMensagem(FacesUtil.java:59)
	at beans.UsuarioMB.inserir(UsuarioMB.java:76)
	at beans.LivroMBTest.setUpClass(LivroMBTest.java:42)
</error>
  </testcase>
  <system-out><![CDATA[[EL Info]: 2013-06-17 10:02:53.381--ServerSession(11800260)--EclipseLink, version: Eclipse Persistence Services - 2.3.2.v20111125-r10461
[EL Info]: 2013-06-17 10:02:53.615--ServerSession(11800260)--file:/home/ciro/Área de Trabalho/SocialBib/build/web/WEB-INF/classes/_SocialBibPU login successful
[EL Warning]: 2013-06-17 10:02:53.673--ServerSession(11800260)--Exception [EclipseLink-4002] (Eclipse Persistence Services - 2.3.2.v20111125-r10461): org.eclipse.persistence.exceptions.DatabaseException
Internal Exception: org.postgresql.util.PSQLException: ERROR: relation "usuario" already exists
Error Code: 0
Call: CREATE TABLE USUARIO (ID BIGINT NOT NULL, CPF VARCHAR(255) NOT NULL UNIQUE, EMAIL VARCHAR(255) NOT NULL UNIQUE, FOTO BYTEA, NOME VARCHAR(255) NOT NULL, SENHA VARCHAR(255) NOT NULL, PRIMARY KEY (ID))
Query: DataModifyQuery(sql="CREATE TABLE USUARIO (ID BIGINT NOT NULL, CPF VARCHAR(255) NOT NULL UNIQUE, EMAIL VARCHAR(255) NOT NULL UNIQUE, FOTO BYTEA, NOME VARCHAR(255) NOT NULL, SENHA VARCHAR(255) NOT NULL, PRIMARY KEY (ID))")
[EL Warning]: 2013-06-17 10:02:53.677--ServerSession(11800260)--Exception [EclipseLink-4002] (Eclipse Persistence Services - 2.3.2.v20111125-r10461): org.eclipse.persistence.exceptions.DatabaseException
Internal Exception: org.postgresql.util.PSQLException: ERROR: relation "livro" already exists
Error Code: 0
Call: CREATE TABLE LIVRO (ID BIGINT NOT NULL, ANO VARCHAR(255), AUTOR VARCHAR(255), EDITORA VARCHAR(255), GENERO VARCHAR(255), ISBN VARCHAR(255), TITULO VARCHAR(255) NOT NULL, DONO_ID BIGINT, PRIMARY KEY (ID))
Query: DataModifyQuery(sql="CREATE TABLE LIVRO (ID BIGINT NOT NULL, ANO VARCHAR(255), AUTOR VARCHAR(255), EDITORA VARCHAR(255), GENERO VARCHAR(255), ISBN VARCHAR(255), TITULO VARCHAR(255) NOT NULL, DONO_ID BIGINT, PRIMARY KEY (ID))")
[EL Warning]: 2013-06-17 10:02:53.678--ServerSession(11800260)--Exception [EclipseLink-4002] (Eclipse Persistence Services - 2.3.2.v20111125-r10461): org.eclipse.persistence.exceptions.DatabaseException
Internal Exception: org.postgresql.util.PSQLException: ERROR: relation "mensagem" already exists
Error Code: 0
Call: CREATE TABLE MENSAGEM (ID BIGINT NOT NULL, ASSUNTO VARCHAR(255), DATA DATE, ISLIDA BOOLEAN, MENSAGEM VARCHAR(255), DESTINATARIO_ID BIGINT, REMETENTE_ID BIGINT, PRIMARY KEY (ID))
Query: DataModifyQuery(sql="CREATE TABLE MENSAGEM (ID BIGINT NOT NULL, ASSUNTO VARCHAR(255), DATA DATE, ISLIDA BOOLEAN, MENSAGEM VARCHAR(255), DESTINATARIO_ID BIGINT, REMETENTE_ID BIGINT, PRIMARY KEY (ID))")
[EL Warning]: 2013-06-17 10:02:53.679--ServerSession(11800260)--Exception [EclipseLink-4002] (Eclipse Persistence Services - 2.3.2.v20111125-r10461): org.eclipse.persistence.exceptions.DatabaseException
Internal Exception: org.postgresql.util.PSQLException: ERROR: relation "emprestimo" already exists
Error Code: 0
Call: CREATE TABLE EMPRESTIMO (ID BIGINT NOT NULL, FIM DATE, INICIO DATE, STATUS INTEGER, LIVRO_ID BIGINT, USUARIO_ID BIGINT, PRIMARY KEY (ID))
Query: DataModifyQuery(sql="CREATE TABLE EMPRESTIMO (ID BIGINT NOT NULL, FIM DATE, INICIO DATE, STATUS INTEGER, LIVRO_ID BIGINT, USUARIO_ID BIGINT, PRIMARY KEY (ID))")
[EL Warning]: 2013-06-17 10:02:53.681--ServerSession(11800260)--Exception [EclipseLink-4002] (Eclipse Persistence Services - 2.3.2.v20111125-r10461): org.eclipse.persistence.exceptions.DatabaseException
Internal Exception: org.postgresql.util.PSQLException: ERROR: constraint "fk_livro_dono_id" for relation "livro" already exists
Error Code: 0
Call: ALTER TABLE LIVRO ADD CONSTRAINT FK_LIVRO_DONO_ID FOREIGN KEY (DONO_ID) REFERENCES USUARIO (ID)
Query: DataModifyQuery(sql="ALTER TABLE LIVRO ADD CONSTRAINT FK_LIVRO_DONO_ID FOREIGN KEY (DONO_ID) REFERENCES USUARIO (ID)")
[EL Warning]: 2013-06-17 10:02:53.682--ServerSession(11800260)--Exception [EclipseLink-4002] (Eclipse Persistence Services - 2.3.2.v20111125-r10461): org.eclipse.persistence.exceptions.DatabaseException
Internal Exception: org.postgresql.util.PSQLException: ERROR: constraint "fk_mensagem_remetente_id" for relation "mensagem" already exists
Error Code: 0
Call: ALTER TABLE MENSAGEM ADD CONSTRAINT FK_MENSAGEM_REMETENTE_ID FOREIGN KEY (REMETENTE_ID) REFERENCES USUARIO (ID)
Query: DataModifyQuery(sql="ALTER TABLE MENSAGEM ADD CONSTRAINT FK_MENSAGEM_REMETENTE_ID FOREIGN KEY (REMETENTE_ID) REFERENCES USUARIO (ID)")
[EL Warning]: 2013-06-17 10:02:53.683--ServerSession(11800260)--Exception [EclipseLink-4002] (Eclipse Persistence Services - 2.3.2.v20111125-r10461): org.eclipse.persistence.exceptions.DatabaseException
Internal Exception: org.postgresql.util.PSQLException: ERROR: constraint "fk_emprestimo_usuario_id" for relation "emprestimo" already exists
Error Code: 0
Call: ALTER TABLE EMPRESTIMO ADD CONSTRAINT FK_EMPRESTIMO_USUARIO_ID FOREIGN KEY (USUARIO_ID) REFERENCES USUARIO (ID)
Query: DataModifyQuery(sql="ALTER TABLE EMPRESTIMO ADD CONSTRAINT FK_EMPRESTIMO_USUARIO_ID FOREIGN KEY (USUARIO_ID) REFERENCES USUARIO (ID)")
[EL Warning]: 2013-06-17 10:02:53.693--ServerSession(11800260)--Exception [EclipseLink-4002] (Eclipse Persistence Services - 2.3.2.v20111125-r10461): org.eclipse.persistence.exceptions.DatabaseException
Internal Exception: org.postgresql.util.PSQLException: ERROR: relation "sequence" already exists
Error Code: 0
Call: CREATE TABLE SEQUENCE (SEQ_NAME VARCHAR(50) NOT NULL, SEQ_COUNT DECIMAL(38), PRIMARY KEY (SEQ_NAME))
Query: DataModifyQuery(sql="CREATE TABLE SEQUENCE (SEQ_NAME VARCHAR(50) NOT NULL, SEQ_COUNT DECIMAL(38), PRIMARY KEY (SEQ_NAME))")
]]></system-out>
  <system-err><![CDATA[]]></system-err>
</testsuite>
